<?xml version="1.0" encoding="UTF-8"?>
<testsuite xmlns:xsi="http://www.w3.org/2001/XMLSchema-instance" xsi:noNamespaceSchemaLocation="https://maven.apache.org/surefire/maven-surefire-plugin/xsd/surefire-test-report.xsd" name="nuc.ss.Springboot01HellowordApplicationTests" time="1.638" tests="1" errors="0" skipped="0" failures="0">
  <properties>
    <property name="sun.desktop" value="windows"/>
    <property name="awt.toolkit" value="sun.awt.windows.WToolkit"/>
    <property name="file.encoding.pkg" value="sun.io"/>
    <property name="java.specification.version" value="1.8"/>
    <property name="sun.cpu.isalist" value="amd64"/>
    <property name="sun.jnu.encoding" value="GBK"/>
    <property name="java.class.path" value="E:\学习笔记\study\springboot\SpringBoot\springboot-01-helloword\target\test-classes;E:\学习笔记\study\springboot\SpringBoot\springboot-01-helloword\target\classes;D:\java\maven_repository\org\springframework\boot\spring-boot-starter\2.5.5\spring-boot-starter-2.5.5.jar;D:\java\maven_repository\org\springframework\boot\spring-boot\2.5.5\spring-boot-2.5.5.jar;D:\java\maven_repository\org\springframework\spring-context\5.3.10\spring-context-5.3.10.jar;D:\java\maven_repository\org\springframework\boot\spring-boot-autoconfigure\2.5.5\spring-boot-autoconfigure-2.5.5.jar;D:\java\maven_repository\org\springframework\boot\spring-boot-starter-logging\2.5.5\spring-boot-starter-logging-2.5.5.jar;D:\java\maven_repository\ch\qos\logback\logback-classic\1.2.6\logback-classic-1.2.6.jar;D:\java\maven_repository\ch\qos\logback\logback-core\1.2.6\logback-core-1.2.6.jar;D:\java\maven_repository\org\apache\logging\log4j\log4j-to-slf4j\2.14.1\log4j-to-slf4j-2.14.1.jar;D:\java\maven_repository\org\apache\logging\log4j\log4j-api\2.14.1\log4j-api-2.14.1.jar;D:\java\maven_repository\org\slf4j\jul-to-slf4j\1.7.32\jul-to-slf4j-1.7.32.jar;D:\java\maven_repository\jakarta\annotation\jakarta.annotation-api\1.3.5\jakarta.annotation-api-1.3.5.jar;D:\java\maven_repository\org\springframework\spring-core\5.3.10\spring-core-5.3.10.jar;D:\java\maven_repository\org\springframework\spring-jcl\5.3.10\spring-jcl-5.3.10.jar;D:\java\maven_repository\org\yaml\snakeyaml\1.28\snakeyaml-1.28.jar;D:\java\maven_repository\org\springframework\boot\spring-boot-starter-web\2.5.5\spring-boot-starter-web-2.5.5.jar;D:\java\maven_repository\org\springframework\boot\spring-boot-starter-json\2.5.5\spring-boot-starter-json-2.5.5.jar;D:\java\maven_repository\com\fasterxml\jackson\core\jackson-databind\2.12.5\jackson-databind-2.12.5.jar;D:\java\maven_repository\com\fasterxml\jackson\core\jackson-annotations\2.12.5\jackson-annotations-2.12.5.jar;D:\java\maven_repository\com\fasterxml\jackson\core\jackson-core\2.12.5\jackson-core-2.12.5.jar;D:\java\maven_repository\com\fasterxml\jackson\datatype\jackson-datatype-jdk8\2.12.5\jackson-datatype-jdk8-2.12.5.jar;D:\java\maven_repository\com\fasterxml\jackson\datatype\jackson-datatype-jsr310\2.12.5\jackson-datatype-jsr310-2.12.5.jar;D:\java\maven_repository\com\fasterxml\jackson\module\jackson-module-parameter-names\2.12.5\jackson-module-parameter-names-2.12.5.jar;D:\java\maven_repository\org\springframework\boot\spring-boot-starter-tomcat\2.5.5\spring-boot-starter-tomcat-2.5.5.jar;D:\java\maven_repository\org\apache\tomcat\embed\tomcat-embed-core\9.0.53\tomcat-embed-core-9.0.53.jar;D:\java\maven_repository\org\apache\tomcat\embed\tomcat-embed-el\9.0.53\tomcat-embed-el-9.0.53.jar;D:\java\maven_repository\org\apache\tomcat\embed\tomcat-embed-websocket\9.0.53\tomcat-embed-websocket-9.0.53.jar;D:\java\maven_repository\org\springframework\spring-web\5.3.10\spring-web-5.3.10.jar;D:\java\maven_repository\org\springframework\spring-beans\5.3.10\spring-beans-5.3.10.jar;D:\java\maven_repository\org\springframework\spring-webmvc\5.3.10\spring-webmvc-5.3.10.jar;D:\java\maven_repository\org\springframework\spring-aop\5.3.10\spring-aop-5.3.10.jar;D:\java\maven_repository\org\springframework\spring-expression\5.3.10\spring-expression-5.3.10.jar;D:\java\maven_repository\org\springframework\boot\spring-boot-starter-test\2.5.5\spring-boot-starter-test-2.5.5.jar;D:\java\maven_repository\org\springframework\boot\spring-boot-test\2.5.5\spring-boot-test-2.5.5.jar;D:\java\maven_repository\org\springframework\boot\spring-boot-test-autoconfigure\2.5.5\spring-boot-test-autoconfigure-2.5.5.jar;D:\java\maven_repository\com\jayway\jsonpath\json-path\2.5.0\json-path-2.5.0.jar;D:\java\maven_repository\net\minidev\json-smart\2.4.7\json-smart-2.4.7.jar;D:\java\maven_repository\net\minidev\accessors-smart\2.4.7\accessors-smart-2.4.7.jar;D:\java\maven_repository\org\ow2\asm\asm\9.1\asm-9.1.jar;D:\java\maven_repository\org\slf4j\slf4j-api\1.7.32\slf4j-api-1.7.32.jar;D:\java\maven_repository\jakarta\xml\bind\jakarta.xml.bind-api\2.3.3\jakarta.xml.bind-api-2.3.3.jar;D:\java\maven_repository\jakarta\activation\jakarta.activation-api\1.2.2\jakarta.activation-api-1.2.2.jar;D:\java\maven_repository\org\assertj\assertj-core\3.19.0\assertj-core-3.19.0.jar;D:\java\maven_repository\org\hamcrest\hamcrest\2.2\hamcrest-2.2.jar;D:\java\maven_repository\org\junit\jupiter\junit-jupiter\5.7.2\junit-jupiter-5.7.2.jar;D:\java\maven_repository\org\junit\jupiter\junit-jupiter-api\5.7.2\junit-jupiter-api-5.7.2.jar;D:\java\maven_repository\org\apiguardian\apiguardian-api\1.1.0\apiguardian-api-1.1.0.jar;D:\java\maven_repository\org\opentest4j\opentest4j\1.2.0\opentest4j-1.2.0.jar;D:\java\maven_repository\org\junit\platform\junit-platform-commons\1.7.2\junit-platform-commons-1.7.2.jar;D:\java\maven_repository\org\junit\jupiter\junit-jupiter-params\5.7.2\junit-jupiter-params-5.7.2.jar;D:\java\maven_repository\org\junit\jupiter\junit-jupiter-engine\5.7.2\junit-jupiter-engine-5.7.2.jar;D:\java\maven_repository\org\junit\platform\junit-platform-engine\1.7.2\junit-platform-engine-1.7.2.jar;D:\java\maven_repository\org\mockito\mockito-core\3.9.0\mockito-core-3.9.0.jar;D:\java\maven_repository\net\bytebuddy\byte-buddy\1.10.22\byte-buddy-1.10.22.jar;D:\java\maven_repository\net\bytebuddy\byte-buddy-agent\1.10.22\byte-buddy-agent-1.10.22.jar;D:\java\maven_repository\org\objenesis\objenesis\3.2\objenesis-3.2.jar;D:\java\maven_repository\org\mockito\mockito-junit-jupiter\3.9.0\mockito-junit-jupiter-3.9.0.jar;D:\java\maven_repository\org\skyscreamer\jsonassert\1.5.0\jsonassert-1.5.0.jar;D:\java\maven_repository\com\vaadin\external\google\android-json\0.0.20131108.vaadin1\android-json-0.0.20131108.vaadin1.jar;D:\java\maven_repository\org\springframework\spring-test\5.3.10\spring-test-5.3.10.jar;D:\java\maven_repository\org\xmlunit\xmlunit-core\2.8.2\xmlunit-core-2.8.2.jar;"/>
    <property name="java.vm.vendor" value="Oracle Corporation"/>
    <property name="sun.arch.data.model" value="64"/>
    <property name="user.variant" value=""/>
    <property name="java.vendor.url" value="http://java.oracle.com/"/>
    <property name="user.timezone" value="Asia/Shanghai"/>
    <property name="java.vm.specification.version" value="1.8"/>
    <property name="os.name" value="Windows 10"/>
    <property name="user.country" value="CN"/>
    <property name="sun.java.launcher" value="SUN_STANDARD"/>
    <property name="sun.boot.library.path" value="D:\Java\jdk1.8\jre\bin"/>
    <property name="sun.java.command" value="C:\Users\quan\AppData\Local\Temp\surefire2592735784045351710\surefirebooter5950658551178766555.jar C:\Users\quan\AppData\Local\Temp\surefire2592735784045351710 2021-09-28T21-31-27_687-jvmRun1 surefire6370255213380282239tmp surefire_02460048707354172612tmp"/>
    <property name="surefire.test.class.path" value="E:\学习笔记\study\springboot\SpringBoot\springboot-01-helloword\target\test-classes;E:\学习笔记\study\springboot\SpringBoot\springboot-01-helloword\target\classes;D:\java\maven_repository\org\springframework\boot\spring-boot-starter\2.5.5\spring-boot-starter-2.5.5.jar;D:\java\maven_repository\org\springframework\boot\spring-boot\2.5.5\spring-boot-2.5.5.jar;D:\java\maven_repository\org\springframework\spring-context\5.3.10\spring-context-5.3.10.jar;D:\java\maven_repository\org\springframework\boot\spring-boot-autoconfigure\2.5.5\spring-boot-autoconfigure-2.5.5.jar;D:\java\maven_repository\org\springframework\boot\spring-boot-starter-logging\2.5.5\spring-boot-starter-logging-2.5.5.jar;D:\java\maven_repository\ch\qos\logback\logback-classic\1.2.6\logback-classic-1.2.6.jar;D:\java\maven_repository\ch\qos\logback\logback-core\1.2.6\logback-core-1.2.6.jar;D:\java\maven_repository\org\apache\logging\log4j\log4j-to-slf4j\2.14.1\log4j-to-slf4j-2.14.1.jar;D:\java\maven_repository\org\apache\logging\log4j\log4j-api\2.14.1\log4j-api-2.14.1.jar;D:\java\maven_repository\org\slf4j\jul-to-slf4j\1.7.32\jul-to-slf4j-1.7.32.jar;D:\java\maven_repository\jakarta\annotation\jakarta.annotation-api\1.3.5\jakarta.annotation-api-1.3.5.jar;D:\java\maven_repository\org\springframework\spring-core\5.3.10\spring-core-5.3.10.jar;D:\java\maven_repository\org\springframework\spring-jcl\5.3.10\spring-jcl-5.3.10.jar;D:\java\maven_repository\org\yaml\snakeyaml\1.28\snakeyaml-1.28.jar;D:\java\maven_repository\org\springframework\boot\spring-boot-starter-web\2.5.5\spring-boot-starter-web-2.5.5.jar;D:\java\maven_repository\org\springframework\boot\spring-boot-starter-json\2.5.5\spring-boot-starter-json-2.5.5.jar;D:\java\maven_repository\com\fasterxml\jackson\core\jackson-databind\2.12.5\jackson-databind-2.12.5.jar;D:\java\maven_repository\com\fasterxml\jackson\core\jackson-annotations\2.12.5\jackson-annotations-2.12.5.jar;D:\java\maven_repository\com\fasterxml\jackson\core\jackson-core\2.12.5\jackson-core-2.12.5.jar;D:\java\maven_repository\com\fasterxml\jackson\datatype\jackson-datatype-jdk8\2.12.5\jackson-datatype-jdk8-2.12.5.jar;D:\java\maven_repository\com\fasterxml\jackson\datatype\jackson-datatype-jsr310\2.12.5\jackson-datatype-jsr310-2.12.5.jar;D:\java\maven_repository\com\fasterxml\jackson\module\jackson-module-parameter-names\2.12.5\jackson-module-parameter-names-2.12.5.jar;D:\java\maven_repository\org\springframework\boot\spring-boot-starter-tomcat\2.5.5\spring-boot-starter-tomcat-2.5.5.jar;D:\java\maven_repository\org\apache\tomcat\embed\tomcat-embed-core\9.0.53\tomcat-embed-core-9.0.53.jar;D:\java\maven_repository\org\apache\tomcat\embed\tomcat-embed-el\9.0.53\tomcat-embed-el-9.0.53.jar;D:\java\maven_repository\org\apache\tomcat\embed\tomcat-embed-websocket\9.0.53\tomcat-embed-websocket-9.0.53.jar;D:\java\maven_repository\org\springframework\spring-web\5.3.10\spring-web-5.3.10.jar;D:\java\maven_repository\org\springframework\spring-beans\5.3.10\spring-beans-5.3.10.jar;D:\java\maven_repository\org\springframework\spring-webmvc\5.3.10\spring-webmvc-5.3.10.jar;D:\java\maven_repository\org\springframework\spring-aop\5.3.10\spring-aop-5.3.10.jar;D:\java\maven_repository\org\springframework\spring-expression\5.3.10\spring-expression-5.3.10.jar;D:\java\maven_repository\org\springframework\boot\spring-boot-starter-test\2.5.5\spring-boot-starter-test-2.5.5.jar;D:\java\maven_repository\org\springframework\boot\spring-boot-test\2.5.5\spring-boot-test-2.5.5.jar;D:\java\maven_repository\org\springframework\boot\spring-boot-test-autoconfigure\2.5.5\spring-boot-test-autoconfigure-2.5.5.jar;D:\java\maven_repository\com\jayway\jsonpath\json-path\2.5.0\json-path-2.5.0.jar;D:\java\maven_repository\net\minidev\json-smart\2.4.7\json-smart-2.4.7.jar;D:\java\maven_repository\net\minidev\accessors-smart\2.4.7\accessors-smart-2.4.7.jar;D:\java\maven_repository\org\ow2\asm\asm\9.1\asm-9.1.jar;D:\java\maven_repository\org\slf4j\slf4j-api\1.7.32\slf4j-api-1.7.32.jar;D:\java\maven_repository\jakarta\xml\bind\jakarta.xml.bind-api\2.3.3\jakarta.xml.bind-api-2.3.3.jar;D:\java\maven_repository\jakarta\activation\jakarta.activation-api\1.2.2\jakarta.activation-api-1.2.2.jar;D:\java\maven_repository\org\assertj\assertj-core\3.19.0\assertj-core-3.19.0.jar;D:\java\maven_repository\org\hamcrest\hamcrest\2.2\hamcrest-2.2.jar;D:\java\maven_repository\org\junit\jupiter\junit-jupiter\5.7.2\junit-jupiter-5.7.2.jar;D:\java\maven_repository\org\junit\jupiter\junit-jupiter-api\5.7.2\junit-jupiter-api-5.7.2.jar;D:\java\maven_repository\org\apiguardian\apiguardian-api\1.1.0\apiguardian-api-1.1.0.jar;D:\java\maven_repository\org\opentest4j\opentest4j\1.2.0\opentest4j-1.2.0.jar;D:\java\maven_repository\org\junit\platform\junit-platform-commons\1.7.2\junit-platform-commons-1.7.2.jar;D:\java\maven_repository\org\junit\jupiter\junit-jupiter-params\5.7.2\junit-jupiter-params-5.7.2.jar;D:\java\maven_repository\org\junit\jupiter\junit-jupiter-engine\5.7.2\junit-jupiter-engine-5.7.2.jar;D:\java\maven_repository\org\junit\platform\junit-platform-engine\1.7.2\junit-platform-engine-1.7.2.jar;D:\java\maven_repository\org\mockito\mockito-core\3.9.0\mockito-core-3.9.0.jar;D:\java\maven_repository\net\bytebuddy\byte-buddy\1.10.22\byte-buddy-1.10.22.jar;D:\java\maven_repository\net\bytebuddy\byte-buddy-agent\1.10.22\byte-buddy-agent-1.10.22.jar;D:\java\maven_repository\org\objenesis\objenesis\3.2\objenesis-3.2.jar;D:\java\maven_repository\org\mockito\mockito-junit-jupiter\3.9.0\mockito-junit-jupiter-3.9.0.jar;D:\java\maven_repository\org\skyscreamer\jsonassert\1.5.0\jsonassert-1.5.0.jar;D:\java\maven_repository\com\vaadin\external\google\android-json\0.0.20131108.vaadin1\android-json-0.0.20131108.vaadin1.jar;D:\java\maven_repository\org\springframework\spring-test\5.3.10\spring-test-5.3.10.jar;D:\java\maven_repository\org\xmlunit\xmlunit-core\2.8.2\xmlunit-core-2.8.2.jar;"/>
    <property name="sun.cpu.endian" value="little"/>
    <property name="user.home" value="C:\Users\quan"/>
    <property name="user.language" value="zh"/>
    <property name="java.specification.vendor" value="Oracle Corporation"/>
    <property name="java.home" value="D:\Java\jdk1.8\jre"/>
    <property name="basedir" value="E:\学习笔记\study\springboot\SpringBoot\springboot-01-helloword"/>
    <property name="file.separator" value="\"/>
    <property name="line.separator" value="&#10;"/>
    <property name="java.vm.specification.vendor" value="Oracle Corporation"/>
    <property name="java.specification.name" value="Java Platform API Specification"/>
    <property name="java.awt.graphicsenv" value="sun.awt.Win32GraphicsEnvironment"/>
    <property name="surefire.real.class.path" value="C:\Users\quan\AppData\Local\Temp\surefire2592735784045351710\surefirebooter5950658551178766555.jar"/>
    <property name="sun.boot.class.path" value="D:\Java\jdk1.8\jre\lib\resources.jar;D:\Java\jdk1.8\jre\lib\rt.jar;D:\Java\jdk1.8\jre\lib\sunrsasign.jar;D:\Java\jdk1.8\jre\lib\jsse.jar;D:\Java\jdk1.8\jre\lib\jce.jar;D:\Java\jdk1.8\jre\lib\charsets.jar;D:\Java\jdk1.8\jre\lib\jfr.jar;D:\Java\jdk1.8\jre\classes"/>
    <property name="user.script" value=""/>
    <property name="sun.management.compiler" value="HotSpot 64-Bit Tiered Compilers"/>
    <property name="java.runtime.version" value="1.8.0_301-b09"/>
    <property name="user.name" value="quan"/>
    <property name="path.separator" value=";"/>
    <property name="os.version" value="10.0"/>
    <property name="java.endorsed.dirs" value="D:\Java\jdk1.8\jre\lib\endorsed"/>
    <property name="java.runtime.name" value="Java(TM) SE Runtime Environment"/>
    <property name="file.encoding" value="GBK"/>
    <property name="java.vm.name" value="Java HotSpot(TM) 64-Bit Server VM"/>
    <property name="localRepository" value="D:\java\maven_repository"/>
    <property name="java.vendor.url.bug" value="http://bugreport.sun.com/bugreport/"/>
    <property name="java.io.tmpdir" value="C:\Users\quan\AppData\Local\Temp\"/>
    <property name="idea.version" value="2021.2.2"/>
    <property name="java.version" value="1.8.0_301"/>
    <property name="user.dir" value="E:\学习笔记\study\springboot\SpringBoot\springboot-01-helloword"/>
    <property name="os.arch" value="amd64"/>
    <property name="java.vm.specification.name" value="Java Virtual Machine Specification"/>
    <property name="java.awt.printerjob" value="sun.awt.windows.WPrinterJob"/>
    <property name="sun.os.patch.level" value=""/>
    <property name="java.library.path" value="D:\Java\jdk1.8\jre\bin;C:\WINDOWS\Sun\Java\bin;C:\WINDOWS\system32;C:\WINDOWS;D:\Scripts\;D:\;C:\Program Files (x86)\Common Files\Oracle\Java\javapath;C:\Windows\system32;C:\Windows;C:\Windows\System32\Wbem;C:\Windows\System32\WindowsPowerShell\v1.0\;C:\Windows\System32\OpenSSH\;C:\Program Files (x86)\NVIDIA Corporation\PhysX\Common;C:\Program Files\NVIDIA Corporation\NVIDIA NvDLISR;C:\WINDOWS\system32;C:\WINDOWS;C:\WINDOWS\System32\Wbem;C:\WINDOWS\System32\WindowsPowerShell\v1.0\;C:\WINDOWS\System32\OpenSSH\;D:\java\jdk1.8\bin;D:\java\jdk1.8\jre\bin;D:\java\apache-maven-3.8.2\bin;D:\Tomcat\lib;D:\Tomcat\bin;D:\MySQL\MySQL Server8.0\bin;D:\Git\cmd;C:\Users\quan\AppData\Local\Microsoft\WindowsApps;;D:\IntelliJ IDEA 2021.2.2\bin;;D:\Bandizip\;D:\Microsoft VS Code\bin;."/>
    <property name="java.vm.info" value="mixed mode"/>
    <property name="java.vendor" value="Oracle Corporation"/>
    <property name="java.vm.version" value="25.301-b09"/>
    <property name="java.ext.dirs" value="D:\Java\jdk1.8\jre\lib\ext;C:\WINDOWS\Sun\Java\lib\ext"/>
    <property name="sun.io.unicode.encoding" value="UnicodeLittle"/>
    <property name="maven.repo.local" value="D:\java\maven_repository"/>
    <property name="java.class.version" value="52.0"/>
  </properties>
  <testcase name="contextLoads" classname="nuc.ss.Springboot01HellowordApplicationTests" time="0.122"/>
</testsuite>